Mon Mar 30 13:55:41 Saved as file ~undo.max
Mon Mar 30 13:56:36 Saved as file ~undo.max
Mon Mar 30 14:27:42 Saved as file BACKUP1.MAX
Mon Mar 30 14:37:42 Saved as file BACKUP1.MAX
Mon Mar 30 14:48:12 Saved as file BACKUP1.MAX
Sat May 09 21:52:00 Saved as file C:\USERS\RITCH\GOOGLE_RITCHIE\DEVELOPMENT\REYAX\RYS8830\LAYOUT_EVB_V1.2\RYS8830_EVB_V1.2
Sat May 09 21:53:02 Saved as file C:\USERS\RITCH\GOOGLE_RITCHIE\DEVELOPMENT\REYAX\RYS8830\LAYOUT_EVB_V1.2\RYS8830_EVB_V1.MAX
Sat May 09 21:53:04 Saved as file ~undo.max
Sat May 09 21:53:16 Saved as file C:\USERS\RITCH\GOOGLE_RITCHIE\DEVELOPMENT\REYAX\RYS8830\LAYOUT_EVB_V1.2\RYS8830_EVB_V1.MAX
Sat May 09 21:53:20 Saved as file C:\USERS\RITCH\GOOGLE_RITCHIE\DEVELOPMENT\REYAX\RYS8830\LAYOUT_EVB_V1.2\RYS8830_EVB_V1.MAX
Sat May 09 21:53:29 Saved as file ~undo.max
Sat May 09 21:53:34 Saved as file C:\USERS\RITCH\GOOGLE_RITCHIE\DEVELOPMENT\REYAX\RYS8830\LAYOUT_EVB_V1.2\RYS8830_EVB_V1.MAX
Thu May 14 21:20:11 Saved as file BACKUP1.MAX
Thu May 14 21:30:41 Saved as file BACKUP1.MAX
Thu May 14 21:41:11 Saved as file BACKUP1.MAX
Thu May 14 21:50:22 Loaded file C:\Cadence\Orcad_9.2.3\tools\Layout\data\template.imp
Thu May 14 21:50:22 Loaded file C:\Cadence\Orcad_9.2.3\tools\Layout\data\template.imp
Thu May 14 21:50:23 Loaded file C:\USERS\RITCH\GOOGLE_RITCHIE\DEVELOPMENT\REYAX\RYS8833_LITE\LAYOUT_V1.1\RYS8833_LITE_V1.LLB
Thu May 14 21:50:25 Loaded file C:\Cadence\Orcad_9.2.3\tools\Layout\data\template.imp
Thu May 14 21:50:25 Loaded file C:\Cadence\Orcad_9.2.3\tools\Layout\data\template.imp
Thu May 14 21:50:30 Loaded file C:\Cadence\Orcad_9.2.3\tools\Layout\data\template.imp
Thu May 14 21:50:30 Loaded file C:\Cadence\Orcad_9.2.3\tools\Layout\data\template.imp
Thu May 14 21:50:36 Loaded file C:\Cadence\Orcad_9.2.3\tools\Layout\data\template.imp
Thu May 14 21:50:41 Loaded file C:\Cadence\Orcad_9.2.3\tools\Layout\data\template.imp
Thu May 14 21:50:41 Loaded file C:\Cadence\Orcad_9.2.3\tools\Layout\data\template.imp
Thu May 14 21:50:42 Loaded file C:\Cadence\Orcad_9.2.3\tools\Layout\data\template.imp
Thu May 14 21:51:38 Loaded file C:\USERS\RITCH\GOOGLE_RITCHIE\DEVELOPMENT\REYAX\RYS8833_LITE\LAYOUT_V1.1\RYS8833_LITE_V1.LLB
Thu May 14 21:51:38 Saved as file C:\USERS\RITCH\GOOGLE_RITCHIE\DEVELOPMENT\REYAX\RYS8833_LITE\LAYOUT_V1.1\RYS8833_LITE_V1.LLB
Thu May 14 21:51:39 Loaded file C:\USERS\RITCH\GOOGLE_RITCHIE\DEVELOPMENT\REYAX\RYWB520_LITE_DRAFT\LAYOUT_V1.0\RYWB520_LITE.LLB
Thu May 14 21:51:39 Loaded file C:\USERS\RITCH\GOOGLE_RITCHIE\DEVELOPMENT\REYAX\RYS8833_LITE\LAYOUT_V1.1\RYS8833_LITE_V1.LLB
Thu May 14 21:51:42 Loaded file C:\Cadence\Orcad_9.2.3\tools\Layout\data\template.imp
Thu May 14 21:53:59 Loaded file C:\Cadence\Orcad_9.2.3\tools\Layout\library\padstack.llb
Thu May 14 21:54:15 Loaded file C:\USERS\RITCH\GOOGLE_RITCHIE\DEVELOPMENT\REYAX\RYS8833_LITE\LAYOUT_V1.1\RYS8833_LITE_V1.LLB
Thu May 14 21:54:15 Saved as file C:\USERS\RITCH\GOOGLE_RITCHIE\DEVELOPMENT\REYAX\RYS8833_LITE\LAYOUT_V1.1\RYS8833_LITE_V1.LLB
Thu May 14 21:57:59 Loaded file C:\USERS\RITCH\GOOGLE_RITCHIE\DEVELOPMENT\REYAX\RYS8833_LITE\LAYOUT_V1.1\RYS8833_LITE_V1.LLB
Thu May 14 21:57:59 Saved as file C:\USERS\RITCH\GOOGLE_RITCHIE\DEVELOPMENT\REYAX\RYS8833_LITE\LAYOUT_V1.1\RYS8833_LITE_V1.LLB
Thu May 14 21:58:23 Loaded file C:\Cadence\Orcad_9.2.3\tools\Layout\library\padstack.llb
Thu May 14 21:58:28 Loaded file C:\Cadence\Orcad_9.2.3\tools\Layout\library\padstack.llb
Thu May 14 21:58:32 Loaded file C:\Cadence\Orcad_9.2.3\tools\Layout\library\padstack.llb
Thu May 14 21:58:34 Loaded file C:\Cadence\Orcad_9.2.3\tools\Layout\library\padstack.llb
Thu May 14 21:58:38 Loaded file C:\Cadence\Orcad_9.2.3\tools\Layout\library\padstack.llb
Thu May 14 21:58:41 Loaded file C:\Cadence\Orcad_9.2.3\tools\Layout\library\padstack.llb
Thu May 14 21:58:45 Loaded file C:\USERS\RITCH\GOOGLE_RITCHIE\DEVELOPMENT\REYAX\RYS8833_LITE\LAYOUT_V1.1\RYS8833_LITE_V1.LLB
Thu May 14 21:58:45 Saved as file C:\USERS\RITCH\GOOGLE_RITCHIE\DEVELOPMENT\REYAX\RYS8833_LITE\LAYOUT_V1.1\RYS8833_LITE_V1.LLB
Thu May 14 22:00:30 Loaded file C:\Cadence\Orcad_9.2.3\tools\Layout\library\padstack.llb
Thu May 14 22:00:37 Loaded file C:\Cadence\Orcad_9.2.3\tools\Layout\library\padstack.llb
Thu May 14 22:00:41 Loaded file C:\USERS\RITCH\GOOGLE_RITCHIE\DEVELOPMENT\REYAX\RYS8833_LITE\LAYOUT_V1.1\RYS8833_LITE_V1.LLB
Thu May 14 22:00:41 Saved as file C:\USERS\RITCH\GOOGLE_RITCHIE\DEVELOPMENT\REYAX\RYS8833_LITE\LAYOUT_V1.1\RYS8833_LITE_V1.LLB
Thu May 14 22:02:49 Loaded file C:\USERS\RITCH\GOOGLE_RITCHIE\DEVELOPMENT\REYAX\RYS8833_LITE\LAYOUT_V1.1\RYS8833_LITE_V1.LLB
Thu May 14 22:02:49 Saved as file C:\USERS\RITCH\GOOGLE_RITCHIE\DEVELOPMENT\REYAX\RYS8833_LITE\LAYOUT_V1.1\RYS8833_LITE_V1.LLB
Thu May 14 22:03:00 Loaded file C:\USERS\RITCH\GOOGLE_RITCHIE\DEVELOPMENT\REYAX\RYS8833_LITE\LAYOUT_V1.1\RYS8833_LITE_V1.LLB
Thu May 14 22:03:11 Saved as file BACKUP1.MAX
Thu May 14 22:03:40 Saved as file C:\USERS\RITCH\GOOGLE_RITCHIE\DEVELOPMENT\REYAX\RYS8830\LAYOUT_EVB_V1.2\RYS8830_EVB_V1.MAX
Thu May 14 22:04:28 Saved as file C:\USERS\RITCH\GOOGLE_RITCHIE\DEVELOPMENT\REYAX\RYS8830\LAYOUT_EVB_V1.2\RYS8830_EVB_V1.MAX
Thu May 14 22:04:56 Saved as file C:\USERS\RITCH\GOOGLE_RITCHIE\DEVELOPMENT\REYAX\RYS8830\LAYOUT_EVB_V1.2\RYS8830_EVB_V1.MAX
Thu May 14 22:07:06 Saved as file C:\USERS\RITCH\GOOGLE_RITCHIE\DEVELOPMENT\REYAX\RYS8830\LAYOUT_EVB_V1.2\RYS8830_EVB_V1.MAX
Thu May 14 22:07:31 Saved as file C:\USERS\RITCH\GOOGLE_RITCHIE\DEVELOPMENT\REYAX\RYS8830\LAYOUT_EVB_V1.2\RYS8830_EVB_V1.MAX
Thu May 14 22:18:11 Saved as file BACKUP1.MAX
Thu May 14 22:28:41 Saved as file BACKUP1.MAX
Thu May 14 22:39:11 Saved as file BACKUP1.MAX
Thu May 14 22:47:39 Saved as file C:\USERS\RITCH\GOOGLE_RITCHIE\DEVELOPMENT\REYAX\RYS8830\LAYOUT_EVB_V1.2\RYS8830_EVB_V1.MAX
Thu May 14 22:49:41 Saved as file BACKUP1.MAX
Thu May 14 22:52:13 Loaded file C:\Cadence\Orcad_9.2.3\tools\Layout\data\template.imp
Thu May 14 22:52:13 Loaded file C:\Cadence\Orcad_9.2.3\tools\Layout\data\template.imp
Thu May 14 22:52:15 Loaded file C:\USERS\RITCH\GOOGLE_RITCHIE\DEVELOPMENT\REYAX\RYS8833_LITE\LAYOUT_V1.1\RYS8833_LITE_V1.LLB
Thu May 14 22:52:18 Loaded file C:\Cadence\Orcad_9.2.3\tools\Layout\data\template.imp
Thu May 14 22:52:20 Loaded file C:\Cadence\Orcad_9.2.3\tools\Layout\data\template.imp
Thu May 14 22:52:28 Loaded file C:\Cadence\Orcad_9.2.3\tools\Layout\data\template.imp
Thu May 14 22:52:29 Loaded file C:\Cadence\Orcad_9.2.3\tools\Layout\data\template.imp
Thu May 14 22:52:30 Loaded file C:\Cadence\Orcad_9.2.3\tools\Layout\data\template.imp
Thu May 14 22:52:33 Loaded file C:\Cadence\Orcad_9.2.3\tools\Layout\data\template.imp
Thu May 14 22:52:36 Loaded file C:\Cadence\Orcad_9.2.3\tools\Layout\data\template.imp
Thu May 14 22:52:38 Loaded file C:\Cadence\Orcad_9.2.3\tools\Layout\data\template.imp
Thu May 14 22:52:42 Loaded file C:\Cadence\Orcad_9.2.3\tools\Layout\data\template.imp
Thu May 14 22:52:42 Loaded file C:\Cadence\Orcad_9.2.3\tools\Layout\data\template.imp
Thu May 14 22:52:44 Loaded file C:\Cadence\Orcad_9.2.3\tools\Layout\data\template.imp
Thu May 14 22:52:45 Loaded file C:\Cadence\Orcad_9.2.3\tools\Layout\data\template.imp
Thu May 14 22:52:47 Loaded file C:\Cadence\Orcad_9.2.3\tools\Layout\data\template.imp
Thu May 14 22:52:47 Loaded file C:\Cadence\Orcad_9.2.3\tools\Layout\data\template.imp
Thu May 14 22:52:50 Loaded file C:\Cadence\Orcad_9.2.3\tools\Layout\data\template.imp
Thu May 14 22:52:52 Loaded file C:\Cadence\Orcad_9.2.3\tools\Layout\data\template.imp
Thu May 14 22:52:53 Loaded file C:\Cadence\Orcad_9.2.3\tools\Layout\data\template.imp
Thu May 14 22:52:55 Loaded file C:\Cadence\Orcad_9.2.3\tools\Layout\data\template.imp
Thu May 14 22:52:56 Loaded file C:\Cadence\Orcad_9.2.3\tools\Layout\data\template.imp
Thu May 14 22:52:57 Loaded file C:\Cadence\Orcad_9.2.3\tools\Layout\data\template.imp
Thu May 14 22:52:59 Loaded file C:\Cadence\Orcad_9.2.3\tools\Layout\data\template.imp
Thu May 14 22:52:59 Loaded file C:\Cadence\Orcad_9.2.3\tools\Layout\data\template.imp
Thu May 14 22:53:04 Loaded file C:\Cadence\Orcad_9.2.3\tools\Layout\data\template.imp
Thu May 14 22:53:04 Loaded file C:\Cadence\Orcad_9.2.3\tools\Layout\data\template.imp
Thu May 14 22:53:06 Loaded file C:\Cadence\Orcad_9.2.3\tools\Layout\data\template.imp
Thu May 14 22:53:07 Loaded file C:\Cadence\Orcad_9.2.3\tools\Layout\data\template.imp
Thu May 14 22:53:08 Loaded file C:\Cadence\Orcad_9.2.3\tools\Layout\data\template.imp
Thu May 14 22:53:10 Loaded file C:\Cadence\Orcad_9.2.3\tools\Layout\data\template.imp
Thu May 14 22:53:13 Loaded file C:\Cadence\Orcad_9.2.3\tools\Layout\data\template.imp
Thu May 14 22:53:13 Loaded file C:\Cadence\Orcad_9.2.3\tools\Layout\data\template.imp
Thu May 14 22:53:15 Loaded file C:\Cadence\Orcad_9.2.3\tools\Layout\data\template.imp
Thu May 14 22:53:16 Loaded file C:\Cadence\Orcad_9.2.3\tools\Layout\data\template.imp
Thu May 14 22:53:18 Loaded file C:\Cadence\Orcad_9.2.3\tools\Layout\data\template.imp
Thu May 14 22:53:21 Loaded file C:\Cadence\Orcad_9.2.3\tools\Layout\data\template.imp
Thu May 14 22:53:21 Loaded file C:\Cadence\Orcad_9.2.3\tools\Layout\data\template.imp
Thu May 14 22:53:26 Loaded file C:\Cadence\Orcad_9.2.3\tools\Layout\data\template.imp
Thu May 14 22:53:31 Loaded file C:\Cadence\Orcad_9.2.3\tools\Layout\data\template.imp
Thu May 14 22:53:32 Loaded file C:\Cadence\Orcad_9.2.3\tools\Layout\data\template.imp
Thu May 14 22:53:33 Loaded file C:\Cadence\Orcad_9.2.3\tools\Layout\data\template.imp
Thu May 14 22:53:38 Loaded file C:\USERS\RITCH\GOOGLE_RITCHIE\DEVELOPMENT\REYAX\RYS8833_LITE\LAYOUT_V1.1\RYS8833_LITE_V1.LLB
Thu May 14 22:53:38 Saved as file C:\USERS\RITCH\GOOGLE_RITCHIE\DEVELOPMENT\REYAX\RYS8833_LITE\LAYOUT_V1.1\RYS8833_LITE_V1.LLB
Thu May 14 22:53:38 Loaded file C:\USERS\RITCH\GOOGLE_RITCHIE\DEVELOPMENT\REYAX\RYWB520_LITE_DRAFT\LAYOUT_V1.0\RYWB520_LITE.LLB
Thu May 14 22:53:38 Loaded file C:\USERS\RITCH\GOOGLE_RITCHIE\DEVELOPMENT\REYAX\RYS8833_LITE\LAYOUT_V1.1\RYS8833_LITE_V1.LLB
Thu May 14 22:53:53 Loaded file C:\Cadence\Orcad_9.2.3\tools\Layout\data\template.imp
Thu May 14 22:54:49 Loaded file C:\USERS\RITCH\GOOGLE_RITCHIE\DEVELOPMENT\REYAX\RYS8833_LITE\LAYOUT_V1.1\RYS8833_LITE_V1.LLB
Thu May 14 22:54:49 Saved as file C:\USERS\RITCH\GOOGLE_RITCHIE\DEVELOPMENT\REYAX\RYS8833_LITE\LAYOUT_V1.1\RYS8833_LITE_V1.LLB
Thu May 14 22:56:02 Loaded file C:\USERS\RITCH\GOOGLE_RITCHIE\DEVELOPMENT\REYAX\RYS8833_LITE\LAYOUT_V1.1\RYS8833_LITE_V1.LLB
Thu May 14 22:56:02 Saved as file C:\USERS\RITCH\GOOGLE_RITCHIE\DEVELOPMENT\REYAX\RYS8833_LITE\LAYOUT_V1.1\RYS8833_LITE_V1.LLB
Thu May 14 22:56:14 Loaded file C:\USERS\RITCH\GOOGLE_RITCHIE\DEVELOPMENT\REYAX\RYS8833_LITE\LAYOUT_V1.1\RYS8833_LITE_V1.LLB
Thu May 14 22:56:22 Saved as file C:\USERS\RITCH\GOOGLE_RITCHIE\DEVELOPMENT\REYAX\RYS8830\LAYOUT_EVB_V1.2\RYS8830_EVB_V1.MAX
Thu May 14 22:57:56 Saved as file C:\USERS\RITCH\GOOGLE_RITCHIE\DEVELOPMENT\REYAX\RYS8830\LAYOUT_EVB_V1.2\RYS8830_EVB_V1.MAX
Thu May 14 23:00:00 Saved as file C:\USERS\RITCH\GOOGLE_RITCHIE\DEVELOPMENT\REYAX\RYS8830\LAYOUT_EVB_V1.2\RYS8830_EVB_V1.MAX
Thu May 14 23:00:49 Saved as file ~undo.max
Thu May 14 23:02:13 Saved as file ~undo.max
Thu May 14 23:03:53 Saved as file ~undo.max
Thu May 14 23:04:41 Saved as file BACKUP1.MAX
Thu May 14 23:04:47 Saved as file ~undo.max
Thu May 14 23:05:06 Saved as file C:\USERS\RITCH\GOOGLE_RITCHIE\DEVELOPMENT\REYAX\RYS8830\LAYOUT_EVB_V1.2\RYS8830_EVB_V1.MAX
Thu May 14 23:06:00 Saved as file C:\USERS\RITCH\GOOGLE_RITCHIE\DEVELOPMENT\REYAX\RYS8830\LAYOUT_EVB_V1.2\RYS8830_EVB_V1.MAX
Thu May 14 23:06:20 Saved as file C:\USERS\RITCH\GOOGLE_RITCHIE\DEVELOPMENT\REYAX\RYS8830\LAYOUT_EVB_V1.2\RYS8830_EVB_V1.MAX
Thu May 14 23:06:31 Saved as file ~undo.max
Thu May 14 23:06:37 Saved as file C:\USERS\RITCH\GOOGLE_RITCHIE\DEVELOPMENT\REYAX\RYS8830\LAYOUT_EVB_V1.2\RYS8830_EVB_V1.MAX
Thu May 14 23:07:08 Saved as file C:\USERS\RITCH\GOOGLE_RITCHIE\DEVELOPMENT\REYAX\RYS8830\LAYOUT_EVB_V1.2\RYS8830_EVB_V1.MAX
Thu May 14 23:08:23 Saved as file C:\USERS\RITCH\GOOGLE_RITCHIE\DEVELOPMENT\REYAX\RYS8830\LAYOUT_EVB_V1.2\RYS8830_EVB_V1.MAX
Thu May 14 23:08:34 Saved as file ~undo.max
Thu May 14 23:08:58 Saved as file C:\USERS\RITCH\GOOGLE_RITCHIE\DEVELOPMENT\REYAX\RYS8830\LAYOUT_EVB_V1.2\RYS8830_EVB_V1.MAX
Thu May 14 23:09:10 Saved as file ~undo.max
Thu May 14 23:09:16 Saved as file C:\USERS\RITCH\GOOGLE_RITCHIE\DEVELOPMENT\REYAX\RYS8830\LAYOUT_EVB_V1.2\RYS8830_EVB_V1.MAX
Thu May 14 23:14:04 Saved as file ~undo.max
Thu May 14 23:14:36 Saved as file C:\USERS\RITCH\GOOGLE_RITCHIE\DEVELOPMENT\REYAX\RYS8830\LAYOUT_EVB_V1.2\RYS8830_EVB_V1.MAX
Thu May 14 23:14:41 Saved as file C:\USERS\RITCH\GOOGLE_RITCHIE\DEVELOPMENT\REYAX\RYS8830\LAYOUT_EVB_V1.2\RYS8830_EVB_V1.MAX
Thu May 14 23:15:11 Saved as file BACKUP1.MAX
Thu May 14 23:15:36 Saved as file C:\USERS\RITCH\GOOGLE_RITCHIE\DEVELOPMENT\REYAX\RYS8830\LAYOUT_EVB_V1.2\RYS8830_EVB_V1.MAX
Tue Sep 01 16:54:06 Saved as file C:\USERS\RITCH\GOOGLE_RITCHIE\DEVELOPMENT\REYAX\RYS8830\LAYOUT_EVB_V1.2\RYS8830_EVB_V12.MAX
