Post Processor Report
OrCAD FILE: C:\USERS\RITCH\GOOGLE_RITCHIE\DEVELOPMENT\REYAX\RYS8830\LAYOUT_EVB_V1.2\RYS8830_EVB_V12.MAX
Thu Sep 17 23:14:43 2020

*********************************************************

Output file: C:\USERS\RITCH\GOOGLE_RITCHIE\DEVELOPMENT\REYAX\RYS8830\LAYOUT_EVB_V1.2\RYS8830_EVB_V12.TOP

Aperture totals for C:\USERS\RITCH\GOOGLE_RITCHIE\DEVELOPMENT\REYAX\RYS8830\LAYOUT_EVB_V1.2\RYS8830_EVB_V12.TOP:
---------------------------------------------------------
D11:  0.0180 ROUND  --       0 Draws,     155 Flashes
D12:  0.0400 x 0.0340 RECTANGLE -----       2 Flashes
D13:  0.0500 x 0.0340 RECTANGLE -----       1 Flashes
D14:  0.0180 x 0.0220 RECTANGLE -----      10 Flashes
D15:  0.0500 SQUARE --       0 Draws,      12 Flashes
D16:  0.0551 ROUND  --       0 Draws,       2 Flashes
D17:  0.0531 x 0.0394 RECTANGLE -----       2 Flashes
D18:  0.0394 ROUND  --       0 Draws,       2 Flashes
D19:  0.0610 x 0.0157 RECTANGLE -----       5 Flashes
D20:  0.0118 ROUND  --       0 Draws,       9 Flashes
D21:  0.0335 x 0.0118 RECTANGLE -----      12 Flashes
D22:  0.0118 x 0.0335 RECTANGLE -----      12 Flashes
D24:  0.0600 ROUND  --       0 Draws,      12 Flashes
D32:  0.0220 x 0.0180 RECTANGLE -----      14 Flashes
D33:  0.0340 x 0.0400 RECTANGLE -----       2 Flashes
D34:  0.0340 x 0.0500 RECTANGLE -----       1 Flashes
D35:  0.0010 ROUND  --   30014 Draws,       0 Flashes
D36:  0.0300 ROUND  --      84 Draws,       0 Flashes
D37:  0.0080 ROUND  --      45 Draws,       0 Flashes
D38:  0.0060 ROUND  --      29 Draws,       0 Flashes
D39:  0.0180 ROUND  --       0 Draws,      13 Flashes
D40:  0.0120 ROUND  --      69 Draws,       0 Flashes
D41:  0.0160 ROUND  --      20 Draws,       0 Flashes
D45:  0.0315 x 0.0394 RECTANGLE -----       4 Flashes
D46:  0.0400 SQUARE --       0 Draws,       6 Flashes
D47:  0.0472 x 0.0315 OBLONG    -----      18 Flashes
D48:  0.0315 x 0.0472 OBLONG    -----       8 Flashes
D49:  0.1420 x 0.0880 RECTANGLE -----       1 Flashes
D50:  0.0480 x 0.0880 RECTANGLE -----       3 Flashes
D51:  0.0138 ROUND  --       0 Draws,       4 Flashes
D52:  0.0001 ROUND  --       1 Draws,       0 Flashes
D108: 0.0276 x 0.0472 RECTANGLE -----       2 Flashes
D109: 0.0098 ROUND  --       0 Draws,       3 Flashes
D110: 0.0276 x 0.0098 RECTANGLE -----       6 Flashes
---------------------------------------------------------
 34 D-Codes      -----   30262 Draws,     321 Flashes

*********************************************************

Output file: C:\USERS\RITCH\GOOGLE_RITCHIE\DEVELOPMENT\REYAX\RYS8830\LAYOUT_EVB_V1.2\RYS8830_EVB_V12.BOT

Aperture totals for C:\USERS\RITCH\GOOGLE_RITCHIE\DEVELOPMENT\REYAX\RYS8830\LAYOUT_EVB_V1.2\RYS8830_EVB_V12.BOT:
---------------------------------------------------------
D11:  0.0180 ROUND  --       0 Draws,       1 Flashes
D35:  0.0010 ROUND  --   14517 Draws,       0 Flashes
D36:  0.0300 ROUND  --      20 Draws,       0 Flashes
D37:  0.0080 ROUND  --      17 Draws,       0 Flashes
D39:  0.0180 ROUND  --       0 Draws,      10 Flashes
D40:  0.0120 ROUND  --      11 Draws,       0 Flashes
D53:  0.0600 ROUND  --       0 Draws,      12 Flashes
D54:  0.0551 ROUND  --       0 Draws,       2 Flashes
D55:  0.0394 ROUND  --       0 Draws,       2 Flashes
D56:  0.0180 ROUND  --       0 Draws,     155 Flashes
D111: 0.0180 ROUND  --       0 Draws,       2 Flashes
---------------------------------------------------------
 11 D-Codes      -----   14565 Draws,     184 Flashes

*********************************************************

Output file: C:\USERS\RITCH\GOOGLE_RITCHIE\DEVELOPMENT\REYAX\RYS8830\LAYOUT_EVB_V1.2\RYS8830_EVB_V12.SMT

Aperture totals for C:\USERS\RITCH\GOOGLE_RITCHIE\DEVELOPMENT\REYAX\RYS8830\LAYOUT_EVB_V1.2\RYS8830_EVB_V12.SMT:
---------------------------------------------------------
D58:  0.0315 x 0.0394 RECTANGLE -----       4 Flashes
D59:  0.0500 SQUARE --       0 Draws,      12 Flashes
D60:  0.0400 SQUARE --       0 Draws,       6 Flashes
D61:  0.0180 x 0.0220 RECTANGLE -----      10 Flashes
D62:  0.0700 ROUND  --       0 Draws,      12 Flashes
D63:  0.0551 ROUND  --       0 Draws,       2 Flashes
D64:  0.0531 x 0.0394 RECTANGLE -----       2 Flashes
D65:  0.0394 ROUND  --       0 Draws,       2 Flashes
D66:  0.0610 x 0.0157 RECTANGLE -----       5 Flashes
D67:  0.0400 x 0.0340 RECTANGLE -----       2 Flashes
D68:  0.0500 x 0.0340 RECTANGLE -----       1 Flashes
D69:  0.0220 x 0.0180 RECTANGLE -----      14 Flashes
D70:  0.0472 x 0.0315 OBLONG    -----      18 Flashes
D71:  0.0315 x 0.0472 OBLONG    -----       8 Flashes
D72:  0.1420 x 0.0880 RECTANGLE -----       1 Flashes
D73:  0.0480 x 0.0880 RECTANGLE -----       3 Flashes
D74:  0.0340 x 0.0400 RECTANGLE -----       2 Flashes
D75:  0.0340 x 0.0500 RECTANGLE -----       1 Flashes
D76:  0.0118 ROUND  --       0 Draws,       9 Flashes
D77:  0.0118 x 0.0335 RECTANGLE -----      12 Flashes
D78:  0.0335 x 0.0118 RECTANGLE -----      12 Flashes
D79:  0.0138 ROUND  --       0 Draws,       4 Flashes
D80:  0.0098 ROUND  --     130 Draws,       0 Flashes
D112: 0.0276 x 0.0472 RECTANGLE -----       2 Flashes
D113: 0.0098 ROUND  --       0 Draws,       3 Flashes
D114: 0.0276 x 0.0098 RECTANGLE -----       6 Flashes
---------------------------------------------------------
 26 D-Codes      -----     130 Draws,     153 Flashes

*********************************************************

Output file: C:\USERS\RITCH\GOOGLE_RITCHIE\DEVELOPMENT\REYAX\RYS8830\LAYOUT_EVB_V1.2\RYS8830_EVB_V12.SMB

Aperture totals for C:\USERS\RITCH\GOOGLE_RITCHIE\DEVELOPMENT\REYAX\RYS8830\LAYOUT_EVB_V1.2\RYS8830_EVB_V12.SMB:
---------------------------------------------------------
D54:  0.0551 ROUND  --       0 Draws,       2 Flashes
D55:  0.0394 ROUND  --       0 Draws,       2 Flashes
D81:  0.0700 ROUND  --       0 Draws,      12 Flashes
---------------------------------------------------------
  3 D-Codes      -----       0 Draws,      16 Flashes

*********************************************************

Output file: C:\USERS\RITCH\GOOGLE_RITCHIE\DEVELOPMENT\REYAX\RYS8830\LAYOUT_EVB_V1.2\RYS8830_EVB_V12.SST

Aperture totals for C:\USERS\RITCH\GOOGLE_RITCHIE\DEVELOPMENT\REYAX\RYS8830\LAYOUT_EVB_V1.2\RYS8830_EVB_V12.SST:
---------------------------------------------------------
D35:  0.0010 ROUND  --      34 Draws,       0 Flashes
D38:  0.0060 ROUND  --      50 Draws,       0 Flashes
D43:  0.0030 ROUND  --      60 Draws,       0 Flashes
D44:  0.0100 ROUND  --      20 Draws,       0 Flashes
D82:  0.0040 ROUND  --     540 Draws,       0 Flashes
D115: 0.0050 ROUND  --       8 Draws,       0 Flashes
---------------------------------------------------------
  6 D-Codes      -----     712 Draws,       0 Flashes

*********************************************************

Output file: C:\USERS\RITCH\GOOGLE_RITCHIE\DEVELOPMENT\REYAX\RYS8830\LAYOUT_EVB_V1.2\RYS8830_EVB_V12.DRD

Aperture totals for C:\USERS\RITCH\GOOGLE_RITCHIE\DEVELOPMENT\REYAX\RYS8830\LAYOUT_EVB_V1.2\RYS8830_EVB_V12.DRD:
---------------------------------------------------------
D35:  0.0010 ROUND  --       9 Draws,       0 Flashes
D44:  0.0100 ROUND  --     846 Draws,       0 Flashes
---------------------------------------------------------
  2 D-Codes      -----     855 Draws,       0 Flashes


*********************************************************

Aperture totals for entire project:
---------------------------------------------------------
D11:  0.0180 ROUND  --       0 Draws,     156 Flashes
D12:  0.0400 x 0.0340 RECTANGLE -----       2 Flashes
D13:  0.0500 x 0.0340 RECTANGLE -----       1 Flashes
D14:  0.0180 x 0.0220 RECTANGLE -----      10 Flashes
D15:  0.0500 SQUARE --       0 Draws,      12 Flashes
D16:  0.0551 ROUND  --       0 Draws,       2 Flashes
D17:  0.0531 x 0.0394 RECTANGLE -----       2 Flashes
D18:  0.0394 ROUND  --       0 Draws,       2 Flashes
D19:  0.0610 x 0.0157 RECTANGLE -----       5 Flashes
D20:  0.0118 ROUND  --       0 Draws,       9 Flashes
D21:  0.0335 x 0.0118 RECTANGLE -----      12 Flashes
D22:  0.0118 x 0.0335 RECTANGLE -----      12 Flashes
D24:  0.0600 ROUND  --       0 Draws,      12 Flashes
D32:  0.0220 x 0.0180 RECTANGLE -----      14 Flashes
D33:  0.0340 x 0.0400 RECTANGLE -----       2 Flashes
D34:  0.0340 x 0.0500 RECTANGLE -----       1 Flashes
D35:  0.0010 ROUND  --   44574 Draws,       0 Flashes
D36:  0.0300 ROUND  --     104 Draws,       0 Flashes
D37:  0.0080 ROUND  --      62 Draws,       0 Flashes
D38:  0.0060 ROUND  --      79 Draws,       0 Flashes
D39:  0.0180 ROUND  --       0 Draws,      23 Flashes
D40:  0.0120 ROUND  --      80 Draws,       0 Flashes
D41:  0.0160 ROUND  --      20 Draws,       0 Flashes
D43:  0.0030 ROUND  --      60 Draws,       0 Flashes
D44:  0.0100 ROUND  --     866 Draws,       0 Flashes
D45:  0.0315 x 0.0394 RECTANGLE -----       4 Flashes
D46:  0.0400 SQUARE --       0 Draws,       6 Flashes
D47:  0.0472 x 0.0315 OBLONG    -----      18 Flashes
D48:  0.0315 x 0.0472 OBLONG    -----       8 Flashes
D49:  0.1420 x 0.0880 RECTANGLE -----       1 Flashes
D50:  0.0480 x 0.0880 RECTANGLE -----       3 Flashes
D51:  0.0138 ROUND  --       0 Draws,       4 Flashes
D52:  0.0001 ROUND  --       1 Draws,       0 Flashes
D53:  0.0600 ROUND  --       0 Draws,      12 Flashes
D54:  0.0551 ROUND  --       0 Draws,       4 Flashes
D55:  0.0394 ROUND  --       0 Draws,       4 Flashes
D56:  0.0180 ROUND  --       0 Draws,     155 Flashes
D58:  0.0315 x 0.0394 RECTANGLE -----       4 Flashes
D59:  0.0500 SQUARE --       0 Draws,      12 Flashes
D60:  0.0400 SQUARE --       0 Draws,       6 Flashes
D61:  0.0180 x 0.0220 RECTANGLE -----      10 Flashes
D62:  0.0700 ROUND  --       0 Draws,      12 Flashes
D63:  0.0551 ROUND  --       0 Draws,       2 Flashes
D64:  0.0531 x 0.0394 RECTANGLE -----       2 Flashes
D65:  0.0394 ROUND  --       0 Draws,       2 Flashes
D66:  0.0610 x 0.0157 RECTANGLE -----       5 Flashes
D67:  0.0400 x 0.0340 RECTANGLE -----       2 Flashes
D68:  0.0500 x 0.0340 RECTANGLE -----       1 Flashes
D69:  0.0220 x 0.0180 RECTANGLE -----      14 Flashes
D70:  0.0472 x 0.0315 OBLONG    -----      18 Flashes
D71:  0.0315 x 0.0472 OBLONG    -----       8 Flashes
D72:  0.1420 x 0.0880 RECTANGLE -----       1 Flashes
D73:  0.0480 x 0.0880 RECTANGLE -----       3 Flashes
D74:  0.0340 x 0.0400 RECTANGLE -----       2 Flashes
D75:  0.0340 x 0.0500 RECTANGLE -----       1 Flashes
D76:  0.0118 ROUND  --       0 Draws,       9 Flashes
D77:  0.0118 x 0.0335 RECTANGLE -----      12 Flashes
D78:  0.0335 x 0.0118 RECTANGLE -----      12 Flashes
D79:  0.0138 ROUND  --       0 Draws,       4 Flashes
D80:  0.0098 ROUND  --     130 Draws,       0 Flashes
D81:  0.0700 ROUND  --       0 Draws,      12 Flashes
D82:  0.0040 ROUND  --     540 Draws,       0 Flashes
D108: 0.0276 x 0.0472 RECTANGLE -----       2 Flashes
D109: 0.0098 ROUND  --       0 Draws,       3 Flashes
D110: 0.0276 x 0.0098 RECTANGLE -----       6 Flashes
D111: 0.0180 ROUND  --       0 Draws,       2 Flashes
D112: 0.0276 x 0.0472 RECTANGLE -----       2 Flashes
D113: 0.0098 ROUND  --       0 Draws,       3 Flashes
D114: 0.0276 x 0.0098 RECTANGLE -----       6 Flashes
D115: 0.0050 ROUND  --       8 Draws,       0 Flashes
---------------------------------------------------------
 70 D-Codes      -----   46524 Draws,     674 Flashes


No warnings or errors.
